[debug] [2020-09-16T01:55:23.602Z] ----------------------------------------------------------------------
[debug] [2020-09-16T01:55:23.604Z] Command:       C:\Program Files\nodejs\node.exe C:\Users\Minhal-T480\AppData\Roaming\npm\node_modules\firebase-tools\lib\bin\firebase.js init
[debug] [2020-09-16T01:55:23.605Z] CLI Version:   8.9.2
[debug] [2020-09-16T01:55:23.605Z] Platform:      win32
[debug] [2020-09-16T01:55:23.605Z] Node Version:  v12.14.0
[debug] [2020-09-16T01:55:23.606Z] Time:          Tue Sep 15 2020 21:55:23 GMT-0400 (Eastern Daylight Time)
[debug] [2020-09-16T01:55:23.606Z] ----------------------------------------------------------------------
[debug] [2020-09-16T01:55:23.606Z] 
[debug] [2020-09-16T01:55:23.615Z] > command requires scopes: ["email","openid","https://www.googleapis.com/auth/cloudplatformprojects.readonly","https://www.googleapis.com/auth/firebase","https://www.googleapis.com/auth/cloud-platform"]
[debug] [2020-09-16T01:55:23.616Z] > authorizing via signed-in user
[info] 
     ######## #### ########  ######## ########     ###     ######  ########
     ##        ##  ##     ## ##       ##     ##  ##   ##  ##       ##
     ######    ##  ########  ######   ########  #########  ######  ######
     ##        ##  ##    ##  ##       ##     ## ##     ##       ## ##
     ##       #### ##     ## ######## ########  ##     ##  ######  ########

You're about to initialize a Firebase project in this directory:

  C:\dev\instagramClone\instagram-clone

Before we get started, keep in mind:

  * You are currently outside your home directory

